<?xml version="1.0" encoding="UTF-8"?>
<!-- Generated by org.testng.reporters.JUnitReportReporter -->
<testsuite hostname="DESKTOP-5MLG6JB" failures="0" tests="2" name="testng_basics.TestNG_Chronological_Annotation" time="0.016" errors="0" timestamp="2022-11-09T13:09:03 IST" skipped="0">
  <testcase classname="testng_basics.TestNG_Chronological_Annotation" name="Method2" time="0.004"/>
  <system-out/>
  <testcase classname="testng_basics.TestNG_Chronological_Annotation" name="Method1" time="0.012"/>
  <system-out/>
</testsuite> <!-- testng_basics.TestNG_Chronological_Annotation -->
