<?xml version="1.0" encoding="UTF-8"?>
<!-- Generated by org.testng.reporters.JUnitReportReporter -->
<testsuite hostname="DESKTOP-5MLG6JB" failures="0" tests="1" name="testng_basics.working_with_property_file" time="0.015" errors="0" timestamp="2022-11-15T13:06:57 IST" skipped="0">
  <testcase classname="testng_basics.working_with_property_file" name="property_demo" time="0.015"/>
  <system-out/>
</testsuite> <!-- testng_basics.working_with_property_file -->
