<?xml version="1.0" encoding="UTF-8"?>
<!-- Generated by org.testng.reporters.JUnitReportReporter -->
<testsuite hostname="DESKTOP-5MLG6JB" failures="0" tests="3" name="testng_basics.Xml_exclude_methods" time="0.019" errors="0" timestamp="2022-11-10T12:42:06 IST" skipped="0">
  <testcase classname="testng_basics.Xml_exclude_methods" name="Register" time="0.016"/>
  <system-out/>
  <testcase classname="testng_basics.Xml_exclude_methods" name="Login" time="0.001"/>
  <system-out/>
  <testcase classname="testng_basics.Xml_exclude_methods" name="Logout" time="0.002"/>
  <system-out/>
</testsuite> <!-- testng_basics.Xml_exclude_methods -->
