<?xml version="1.0" encoding="UTF-8"?>
<!-- Generated by org.testng.reporters.JUnitReportReporter -->
<testsuite hostname="DESKTOP-5MLG6JB" failures="0" tests="1" name="test_cases.Tc5_vote" time="1.205" errors="0" timestamp="2022-11-15T10:22:15 IST" skipped="0">
  <testcase classname="test_cases.Tc5_vote" name="MouseHover" time="1.205"/>
  <system-out/>
</testsuite> <!-- test_cases.Tc5_vote -->
