<?xml version="1.0" encoding="UTF-8"?>
<!-- Generated by org.testng.reporters.JUnitReportReporter -->
<testsuite hostname="DESKTOP-5MLG6JB" failures="0" tests="1" name="test_cases.Tc4_mobile_advance_search" time="2.041" errors="0" timestamp="2022-11-16T16:41:24 IST" skipped="0">
  <testcase classname="test_cases.Tc4_mobile_advance_search" name="AdvanceSearch" time="2.041"/>
  <system-out/>
</testsuite> <!-- test_cases.Tc4_mobile_advance_search -->
