<?xml version="1.0" encoding="UTF-8"?>
<!-- Generated by org.testng.reporters.JUnitReportReporter -->
<testsuite hostname="DESKTOP-5MLG6JB" failures="0" tests="1" name="POM_TEST_CASES.DWS_BOOKTEST" time="3.185" errors="0" timestamp="2022-11-21T15:39:05 IST" skipped="0">
  <testcase classname="POM_TEST_CASES.DWS_BOOKTEST" name="tc04" time="3.185"/>
  <system-out/>
</testsuite> <!-- POM_TEST_CASES.DWS_BOOKTEST -->
