<?xml version="1.0" encoding="UTF-8"?>
<!-- Generated by org.testng.reporters.JUnitReportReporter -->
<testsuite hostname="DESKTOP-5MLG6JB" failures="0" tests="1" name="testng_basics.excel_with_provider" time="0.714" errors="0" timestamp="2022-11-16T15:23:38 IST" skipped="0">
  <testcase classname="testng_basics.excel_with_provider" name="excel_demo" time="0.714"/>
  <system-out/>
</testsuite> <!-- testng_basics.excel_with_provider -->
