<?xml version="1.0" encoding="UTF-8"?>
<!-- Generated by org.testng.reporters.JUnitReportReporter -->
<testsuite hostname="DESKTOP-5MLG6JB" failures="0" tests="1" name="testng_basics.parameters_methods_2" time="7.365" errors="0" timestamp="2022-11-11T13:13:01 IST" skipped="0">
  <testcase classname="testng_basics.parameters_methods_2" name="Parameter" time="7.365"/>
  <system-out/>
</testsuite> <!-- testng_basics.parameters_methods_2 -->
