<?xml version="1.0" encoding="UTF-8"?>
<!-- Generated by org.testng.reporters.JUnitReportReporter -->
<testsuite hostname="DESKTOP-5MLG6JB" failures="0" tests="5" name="testng_basics.Provider_sending_keys" time="43.974" errors="0" timestamp="2022-11-11T17:44:22 IST" skipped="0">
  <testcase classname="testng_basics.Provider_sending_keys" name="name" time="8.840"/>
  <system-out/>
  <testcase classname="testng_basics.Provider_sending_keys" name="name" time="8.008"/>
  <system-out/>
  <testcase classname="testng_basics.Provider_sending_keys" name="name" time="8.704"/>
  <system-out/>
  <testcase classname="testng_basics.Provider_sending_keys" name="name" time="9.849"/>
  <system-out/>
  <testcase classname="testng_basics.Provider_sending_keys" name="name" time="8.573"/>
  <system-out/>
</testsuite> <!-- testng_basics.Provider_sending_keys -->
