<?xml version="1.0" encoding="UTF-8"?>
<!-- Generated by org.testng.reporters.JUnitReportReporter -->
<testsuite hostname="DESKTOP-5MLG6JB" failures="0" tests="2" name="testng_basics.Xml_Include_methods" time="0.018" errors="0" timestamp="2022-11-10T12:17:36 IST" skipped="0">
  <testcase classname="testng_basics.Xml_Include_methods" name="Register" time="0.016"/>
  <system-out/>
  <testcase classname="testng_basics.Xml_Include_methods" name="Logout" time="0.002"/>
  <system-out/>
</testsuite> <!-- testng_basics.Xml_Include_methods -->
