<?xml version="1.0" encoding="UTF-8"?>
<!-- Generated by org.testng.reporters.JUnitReportReporter -->
<testsuite hostname="DESKTOP-5MLG6JB" failures="0" tests="5" name="test_cases.execution_order_helper_method" time="0.028" errors="0" timestamp="2022-11-10T11:05:06 IST" skipped="0">
  <testcase classname="test_cases.execution_order_helper_method" name="Register" time="0.018"/>
  <system-out/>
  <testcase classname="test_cases.execution_order_helper_method" name="Login" time="0.001"/>
  <system-out/>
  <testcase classname="test_cases.execution_order_helper_method" name="Logout" time="0.004"/>
  <system-out/>
  <testcase classname="test_cases.execution_order_helper_method" name="Search" time="0.002"/>
  <system-out/>
  <testcase classname="test_cases.execution_order_helper_method" name="Wishlist" time="0.003"/>
  <system-out/>
</testsuite> <!-- test_cases.execution_order_helper_method -->
