<?xml version="1.0" encoding="UTF-8"?>
<!-- Generated by org.testng.reporters.JUnitReportReporter -->
<testsuite hostname="DESKTOP-5MLG6JB" failures="0" tests="1" name="testng_basics.TestNG_Multiple_methods" time="0.020" errors="0" timestamp="2022-11-09T12:44:16 IST" skipped="0">
  <testcase classname="testng_basics.TestNG_Multiple_methods" name="DevereGathi" time="0.020"/>
  <system-out/>
</testsuite> <!-- testng_basics.TestNG_Multiple_methods -->
