<?xml version="1.0" encoding="UTF-8"?>
<!-- Generated by org.testng.reporters.JUnitReportReporter -->
<testsuite hostname="DESKTOP-5MLG6JB" failures="0" tests="1" name="test_cases.Tc1_Register" time="3.586" errors="0" timestamp="2022-11-16T16:28:14 IST" skipped="0">
  <testcase classname="test_cases.Tc1_Register" name="Demo" time="3.586"/>
  <system-out/>
</testsuite> <!-- test_cases.Tc1_Register -->
