<?xml version="1.0" encoding="UTF-8"?>
<!-- Generated by org.testng.reporters.JUnitReportReporter -->
<testsuite hostname="DESKTOP-5MLG6JB" failures="0" tests="5" name="testng_basics.Working_with_parallel_execution" time="104.657" errors="0" timestamp="2022-11-11T11:55:26 IST" skipped="0">
  <testcase classname="testng_basics.Working_with_parallel_execution" name="Paralelldemo" time="23.394"/>
  <system-out/>
  <testcase classname="testng_basics.Working_with_parallel_execution" name="Paralelldemo" time="23.569"/>
  <system-out/>
  <testcase classname="testng_basics.Working_with_parallel_execution" name="Paralelldemo" time="10.932"/>
  <system-out/>
  <testcase classname="testng_basics.Working_with_parallel_execution" name="Paralelldemo" time="23.394"/>
  <system-out/>
  <testcase classname="testng_basics.Working_with_parallel_execution" name="Paralelldemo" time="23.368"/>
  <system-out/>
</testsuite> <!-- testng_basics.Working_with_parallel_execution -->
