<?xml version="1.0" encoding="UTF-8"?>
<!-- Generated by org.testng.reporters.JUnitReportReporter -->
<testsuite hostname="DESKTOP-5MLG6JB" failures="0" tests="1" name="testng_basics.Parameter_methods" time="6.431" errors="0" timestamp="2022-11-11T13:05:46 IST" skipped="0">
  <testcase classname="testng_basics.Parameter_methods" name="Parameter" time="6.431"/>
  <system-out/>
</testsuite> <!-- testng_basics.Parameter_methods -->
