<?xml version="1.0" encoding="UTF-8"?>
<!-- Generated by org.testng.reporters.JUnitReportReporter -->
<testsuite hostname="DESKTOP-5MLG6JB" failures="0" tests="1" name="testng_basics.drop_down_utility" time="8.498" errors="0" timestamp="2022-11-14T18:54:23 IST" skipped="0">
  <testcase classname="testng_basics.drop_down_utility" name="drop_down" time="8.498"/>
  <system-out/>
</testsuite> <!-- testng_basics.drop_down_utility -->
