<?xml version="1.0" encoding="UTF-8"?>
<!-- Generated by org.testng.reporters.JUnitReportReporter -->
<testsuite hostname="DESKTOP-5MLG6JB" failures="0" tests="1" name="POM_TEST_CASES.DWS_JEWLELARYTEST" time="3.055" errors="0" timestamp="2022-11-20T12:26:42 IST" skipped="0">
  <testcase classname="POM_TEST_CASES.DWS_JEWLELARYTEST" name="tc05" time="3.055"/>
  <system-out/>
</testsuite> <!-- POM_TEST_CASES.DWS_JEWLELARYTEST -->
