<?xml version="1.0" encoding="UTF-8"?>
<!-- Generated by org.testng.reporters.JUnitReportReporter -->
<testsuite hostname="DESKTOP-5MLG6JB" failures="0" tests="1" name="testng_basics.Working_with_testNG_basics" time="8.737" errors="0" timestamp="2022-11-08T17:52:40 IST" skipped="0">
  <testcase classname="testng_basics.Working_with_testNG_basics" name="Demo" time="8.737"/>
  <system-out/>
</testsuite> <!-- testng_basics.Working_with_testNG_basics -->
