<?xml version="1.0" encoding="UTF-8"?>
<!-- Generated by org.testng.reporters.JUnitReportReporter -->
<testsuite hostname="DESKTOP-5MLG6JB" failures="0" tests="1" name="PG_FrameWork.Pg_Search" time="3.948" errors="0" timestamp="2022-11-17T10:20:31 IST" skipped="0">
  <testcase classname="PG_FrameWork.Pg_Search" name="Google_Search" time="3.948"/>
  <system-out/>
</testsuite> <!-- PG_FrameWork.Pg_Search -->
