<?xml version="1.0" encoding="UTF-8"?>
<!-- Generated by org.testng.reporters.JUnitReportReporter -->
<testsuite hostname="DESKTOP-5MLG6JB" failures="0" tests="2" name="testng_basics.Smoke_test_2" time="0.006" errors="0" timestamp="2022-11-10T16:24:29 IST" skipped="0">
  <testcase classname="testng_basics.Smoke_test_2" name="AdvacnceSearch" time="0.003"/>
  <system-out/>
  <testcase classname="testng_basics.Smoke_test_2" name="Wishlist" time="0.003"/>
  <system-out/>
</testsuite> <!-- testng_basics.Smoke_test_2 -->
