<?xml version="1.0" encoding="UTF-8"?>
<!-- Generated by org.testng.reporters.JUnitReportReporter -->
<testsuite hostname="DESKTOP-5MLG6JB" failures="0" tests="2" name="test_cases.Tc2_Login" time="6.099" errors="0" timestamp="2022-11-16T16:24:14 IST" skipped="0">
  <testcase classname="test_cases.Tc2_Login" name="login" time="3.287"/>
  <system-out/>
  <testcase classname="test_cases.Tc2_Login" name="login" time="2.812"/>
  <system-out/>
</testsuite> <!-- test_cases.Tc2_Login -->
