<?xml version="1.0" encoding="UTF-8"?>
<!-- Generated by org.testng.reporters.JUnitReportReporter -->
<testsuite hostname="DESKTOP-5MLG6JB" failures="0" tests="1" name="testng_basics.Excel_to_print_all_row_cell" time="0.724" errors="0" timestamp="2022-11-16T12:13:14 IST" skipped="0">
  <testcase classname="testng_basics.Excel_to_print_all_row_cell" name="excel_demo" time="0.724"/>
  <system-out/>
</testsuite> <!-- testng_basics.Excel_to_print_all_row_cell -->
