<?xml version="1.0" encoding="UTF-8"?>
<!-- Generated by org.testng.reporters.JUnitReportReporter -->
<testsuite hostname="DESKTOP-5MLG6JB" failures="0" tests="1" name="POM_TEST_CASES.DWS_BOOKSTEST" time="0.000" errors="0" timestamp="2022-11-19T12:23:41 IST" skipped="1">
  <testcase classname="POM_TEST_CASES.DWS_BOOKSTEST" name="TC04" time="0.000">
    <skipped/>
  </testcase> <!-- TC04 -->
  <system-out/>
</testsuite> <!-- POM_TEST_CASES.DWS_BOOKSTEST -->
