<?xml version="1.0" encoding="UTF-8"?>
<!-- Generated by org.testng.reporters.JUnitReportReporter -->
<testsuite hostname="DESKTOP-5MLG6JB" failures="0" tests="1" name="test_cases.Tc3_search" time="0.915" errors="0" timestamp="2022-11-16T16:35:38 IST" skipped="0">
  <testcase classname="test_cases.Tc3_search" name="Demo" time="0.915"/>
  <system-out/>
</testsuite> <!-- test_cases.Tc3_search -->
