<?xml version="1.0" encoding="UTF-8"?>
<!-- Generated by org.testng.reporters.JUnitReportReporter -->
<testsuite hostname="DESKTOP-5MLG6JB" failures="0" tests="1" name="testng_basics.Working_with_Excel" time="0.668" errors="0" timestamp="2022-11-15T17:52:14 IST" skipped="0">
  <testcase classname="testng_basics.Working_with_Excel" name="excel_demo" time="0.668"/>
  <system-out/>
</testsuite> <!-- testng_basics.Working_with_Excel -->
