<?xml version="1.0" encoding="UTF-8"?>
<!-- Generated by org.testng.reporters.JUnitReportReporter -->
<testsuite hostname="DESKTOP-5MLG6JB" failures="0" tests="1" name="testng_basics.parallel_execution_2" time="127.446" errors="0" timestamp="2022-11-11T12:36:52 IST" skipped="0">
  <testcase classname="testng_basics.parallel_execution_2" name="Paralelldemo1" time="127.446"/>
  <system-out/>
</testsuite> <!-- testng_basics.parallel_execution_2 -->
