<?xml version="1.0" encoding="UTF-8"?>
<!-- Generated by org.testng.reporters.JUnitReportReporter -->
<testsuite hostname="DESKTOP-5MLG6JB" failures="0" tests="5" name="test_cases.Execution_order_with_priority_method" time="0.025" errors="0" timestamp="2022-11-10T11:19:22 IST" skipped="0">
  <testcase classname="test_cases.Execution_order_with_priority_method" name="Register" time="0.015"/>
  <system-out/>
  <testcase classname="test_cases.Execution_order_with_priority_method" name="Login" time="0.002"/>
  <system-out/>
  <testcase classname="test_cases.Execution_order_with_priority_method" name="Search" time="0.002"/>
  <system-out/>
  <testcase classname="test_cases.Execution_order_with_priority_method" name="Wishlist" time="0.001"/>
  <system-out/>
  <testcase classname="test_cases.Execution_order_with_priority_method" name="Logout" time="0.005"/>
  <system-out/>
</testsuite> <!-- test_cases.Execution_order_with_priority_method -->
