<?xml version="1.0" encoding="UTF-8"?>
<!-- Generated by org.testng.reporters.JUnitReportReporter -->
<testsuite hostname="DESKTOP-5MLG6JB" failures="0" tests="5" name="testng_basics.data_provider" time="0.023" errors="0" timestamp="2022-11-11T15:52:52 IST" skipped="0">
  <testcase classname="testng_basics.data_provider" name="name" time="0.002"/>
  <system-out/>
  <testcase classname="testng_basics.data_provider" name="name" time="0.002"/>
  <system-out/>
  <testcase classname="testng_basics.data_provider" name="name" time="0.003"/>
  <system-out/>
  <testcase classname="testng_basics.data_provider" name="name" time="0.015"/>
  <system-out/>
  <testcase classname="testng_basics.data_provider" name="name" time="0.001"/>
  <system-out/>
</testsuite> <!-- testng_basics.data_provider -->
