<?xml version="1.0" encoding="UTF-8"?>
<!-- Generated by org.testng.reporters.JUnitReportReporter -->
<testsuite hostname="DESKTOP-5MLG6JB" failures="0" tests="5" name="testng_basics.Demo_reg_using_object" time="36.499" errors="0" timestamp="2022-11-14T10:16:35 IST" skipped="0">
  <testcase classname="testng_basics.Demo_reg_using_object" name="demo" time="6.900"/>
  <system-out/>
  <testcase classname="testng_basics.Demo_reg_using_object" name="demo" time="7.787"/>
  <system-out/>
  <testcase classname="testng_basics.Demo_reg_using_object" name="demo" time="6.450"/>
  <system-out/>
  <testcase classname="testng_basics.Demo_reg_using_object" name="demo" time="8.103"/>
  <system-out/>
  <testcase classname="testng_basics.Demo_reg_using_object" name="demo" time="7.259"/>
  <system-out/>
</testsuite> <!-- testng_basics.Demo_reg_using_object -->
